**
(ANALYSIS_NOTE_doc4a_v1.tex
LaTeX2e <2021-11-15> patch level 1
L3 programming layer <2022-02-24> (article.cls
Document Class: article 2021/10/04 v1.4n Standard LaTeX document class
(size11.clo
File: size11.clo 2021/10/04 v1.4n Standard LaTeX file (size option)
)
\c@part=\count181
\c@section=\count182
\c@subsection=\count183
\c@subsubsection=\count184
\c@paragraph=\count185
\c@subparagraph=\count186
\c@figure=\count187
\c@table=\count188
\abovecaptionskip=\skip47
\belowcaptionskip=\skip48
\bibindent=\dimen138
) (geometry.sty
Package: geometry 2020/01/02 v5.9 Page Geometry
 (keyval.sty
Package: keyval 2014/10/28 v1.15 key=value parser (DPC)
\KV@toks@=\toks16
) (ifvtex.sty
Package: ifvtex 2019/10/25 v1.7 ifvtex legacy package. Use iftex instead.
 (iftex.sty
Package: iftex 2022/02/03 v1.0f TeX engine tests
))
\Gm@cnth=\count189
\Gm@cntv=\count190
\c@Gm@tempcnt=\count191
\Gm@bindingoffset=\dimen139
\Gm@wd@mp=\dimen140
\Gm@odd@mp=\dimen141
\Gm@even@mp=\dimen142
\Gm@layoutwidth=\dimen143
\Gm@layoutheight=\dimen144
\Gm@layouthoffset=\dimen145
\Gm@layoutvoffset=\dimen146
\Gm@dimlist=\toks17
) (fontenc.sty
Package: fontenc 2021/04/29 v2.0v Standard LaTeX package
LaTeX Font Info:    Trying to load font information for T1+lmr on input line 11
2.
(t1lmr.fd
File: t1lmr.fd 2015/05/01 v1.6.1 Font defs for Latin Modern
)) (lmodern.sty
Package: lmodern 2015/05/01 v1.6.1 Latin Modern Fonts
LaTeX Font Info:    Overwriting symbol font `operators' in version `normal'
(Font)                  OT1/cmr/m/n --> OT1/lmr/m/n on input line 22.
LaTeX Font Info:    Overwriting symbol font `letters' in version `normal'
(Font)                  OML/cmm/m/it --> OML/lmm/m/it on input line 23.
LaTeX Font Info:    Overwriting symbol font `symbols' in version `normal'
(Font)                  OMS/cmsy/m/n --> OMS/lmsy/m/n on input line 24.
LaTeX Font Info:    Overwriting symbol font `largesymbols' in version `normal'
(Font)                  OMX/cmex/m/n --> OMX/lmex/m/n on input line 25.
LaTeX Font Info:    Overwriting symbol font `operators' in version `bold'
(Font)                  OT1/cmr/bx/n --> OT1/lmr/bx/n on input line 26.
LaTeX Font Info:    Overwriting symbol font `letters' in version `bold'
(Font)                  OML/cmm/b/it --> OML/lmm/b/it on input line 27.
LaTeX Font Info:    Overwriting symbol font `symbols' in version `bold'
(Font)                  OMS/cmsy/b/n --> OMS/lmsy/b/n on input line 28.
LaTeX Font Info:    Overwriting symbol font `largesymbols' in version `bold'
(Font)                  OMX/cmex/m/n --> OMX/lmex/m/n on input line 29.
LaTeX Font Info:    Overwriting math alphabet `\mathbf' in version `normal'
(Font)                  OT1/cmr/bx/n --> OT1/lmr/bx/n on input line 31.
LaTeX Font Info:    Overwriting math alphabet `\mathsf' in version `normal'
(Font)                  OT1/cmss/m/n --> OT1/lmss/m/n on input line 32.
LaTeX Font Info:    Overwriting math alphabet `\mathit' in version `normal'
(Font)                  OT1/cmr/m/it --> OT1/lmr/m/it on input line 33.
LaTeX Font Info:    Overwriting math alphabet `\mathtt' in version `normal'
(Font)                  OT1/cmtt/m/n --> OT1/lmtt/m/n on input line 34.
LaTeX Font Info:    Overwriting math alphabet `\mathbf' in version `bold'
(Font)                  OT1/cmr/bx/n --> OT1/lmr/bx/n on input line 35.
LaTeX Font Info:    Overwriting math alphabet `\mathsf' in version `bold'
(Font)                  OT1/cmss/bx/n --> OT1/lmss/bx/n on input line 36.
LaTeX Font Info:    Overwriting math alphabet `\mathit' in version `bold'
(Font)                  OT1/cmr/bx/it --> OT1/lmr/bx/it on input line 37.
LaTeX Font Info:    Overwriting math alphabet `\mathtt' in version `bold'
(Font)                  OT1/cmtt/m/n --> OT1/lmtt/m/n on input line 38.
) (microtype.sty
Package: microtype 2022/03/14 v3.0d Micro-typographical refinements (RS)
 (etoolbox.sty
Package: etoolbox 2020/10/05 v2.5k e-TeX tools for LaTeX (JAW)
\etb@tempcnta=\count192
)
\MT@toks=\toks18
\MT@tempbox=\box50
\MT@count=\count193
LaTeX Info: Redefining \noprotrusionifhmode on input line 1027.
LaTeX Info: Redefining \leftprotrusion on input line 1028.
LaTeX Info: Redefining \rightprotrusion on input line 1036.
LaTeX Info: Redefining \textls on input line 1195.
\MT@outer@kern=\dimen147
LaTeX Info: Redefining \textmicrotypecontext on input line 1781.
\MT@listname@count=\count194
 (microtype-xetex.def
File: microtype-xetex.def 2022/03/14 v3.0d Definitions specific to xetex (RS)
LaTeX Info: Redefining \lsstyle on input line 236.
)
Package microtype Info: Loading configuration file microtype.cfg.

(microtype.cfg
File: microtype.cfg 2022/03/14 v3.0d microtype main configuration file (RS)
)) (graphicx.sty
Package: graphicx 2021/09/16 v1.2d Enhanced LaTeX Graphics (DPC,SPQR)
 (graphics.sty
Package: graphics 2021/03/04 v1.4d Standard LaTeX Graphics (DPC,SPQR)
 (trig.sty
Package: trig 2021/08/11 v1.11 sin cos tan (DPC)
) (graphics.cfg
File: graphics.cfg 2016/06/04 v1.11 sample graphics configuration
)
Package graphics Info: Driver file: xetex.def on input line 107.

(xetex.def
File: xetex.def 2021/03/18 v5.0k Graphics/color driver for xetex
))
\Gin@req@height=\dimen148
\Gin@req@width=\dimen149
) (booktabs.sty
Package: booktabs 2020/01/12 v1.61803398 Publication quality tables
\heavyrulewidth=\dimen150
\lightrulewidth=\dimen151
\cmidrulewidth=\dimen152
\belowrulesep=\dimen153
\belowbottomsep=\dimen154
\aboverulesep=\dimen155
\abovetopsep=\dimen156
\cmidrulesep=\dimen157
\cmidrulekern=\dimen158
\defaultaddspace=\dimen159
\@cmidla=\count195
\@cmidlb=\count196
\@aboverulesep=\dimen160
\@belowrulesep=\dimen161
\@thisruleclass=\count197
\@lastruleclass=\count198
\@thisrulewidth=\dimen162
) (longtable.sty
Package: longtable 2021-09-01 v4.17 Multi-page Table package (DPC)
\LTleft=\skip49
\LTright=\skip50
\LTpre=\skip51
\LTpost=\skip52
\LTchunksize=\count199
\LTcapwidth=\dimen163
\LT@head=\box51
\LT@firsthead=\box52
\LT@foot=\box53
\LT@lastfoot=\box54
\LT@gbox=\box55
\LT@cols=\count266
\LT@rows=\count267
\c@LT@tables=\count268
\c@LT@chunks=\count269
\LT@p@ftn=\toks19
) (array.sty
Package: array 2021/10/04 v2.5f Tabular extension package (FMi)
\col@sep=\dimen164
\ar@mcellbox=\box56
\extrarowheight=\dimen165
\NC@list=\toks20
\extratabsurround=\skip53
\backup@length=\skip54
\ar@cellbox=\box57
) (float.sty
Package: float 2001/11/08 v1.3d Float enhancements (AL)
\c@float@type=\count270
\float@exts=\toks21
\float@box=\box58
\@float@everytoks=\toks22
\@floatcapt=\box59
)
(placeins.sty
Package: placeins 2005/04/18  v 2.2
) (amsmath.sty
Package: amsmath 2021/10/15 v2.17l AMS math features
\@mathmargin=\skip55

For additional information on amsmath, use the `?' option.
(amstext.sty
Package: amstext 2021/08/26 v2.01 AMS text
 (amsgen.sty
File: amsgen.sty 1999/11/30 v2.0 generic functions
\@emptytoks=\toks23
\ex@=\dimen166
)) (amsbsy.sty
Package: amsbsy 1999/11/29 v1.2d Bold Symbols
\pmbraise@=\dimen167
) (amsopn.sty
Package: amsopn 2021/08/26 v2.02 operator names
)
\inf@bad=\count271
LaTeX Info: Redefining \frac on input line 234.
\uproot@=\count272
\leftroot@=\count273
LaTeX Info: Redefining \overline on input line 399.
\classnum@=\count274
\DOTSCASE@=\count275
LaTeX Info: Redefining \ldots on input line 496.
LaTeX Info: Redefining \dots on input line 499.
LaTeX Info: Redefining \cdots on input line 620.
\Mathstrutbox@=\box60
\strutbox@=\box61
\big@size=\dimen168
LaTeX Font Info:    Redeclaring font encoding OML on input line 743.
LaTeX Font Info:    Redeclaring font encoding OMS on input line 744.
\macc@depth=\count276
\c@MaxMatrixCols=\count277
\dotsspace@=\muskip16
\c@parentequation=\count278
\dspbrk@lvl=\count279
\tag@help=\toks24
\row@=\count280
\column@=\count281
\maxfields@=\count282
\andhelp@=\toks25
\eqnshift@=\dimen169
\alignsep@=\dimen170
\tagshift@=\dimen171
\tagwidth@=\dimen172
\totwidth@=\dimen173
\lineht@=\dimen174
\@envbody=\toks26
\multlinegap=\skip56
\multlinetaggap=\skip57
\mathdisplay@stack=\toks27
LaTeX Info: Redefining \[ on input line 2938.
LaTeX Info: Redefining \] on input line 2939.
) (amssymb.sty
Package: amssymb 2013/01/14 v3.01 AMS font symbols

(amsfonts.sty
Package: amsfonts 2013/01/14 v3.01 Basic AMSFonts support
\symAMSa=\mathgroup4
\symAMSb=\mathgroup5
LaTeX Font Info:    Redeclaring math symbol \hbar on input line 98.
LaTeX Font Info:    Overwriting math alphabet `\mathfrak' in version `bold'
(Font)                  U/euf/m/n --> U/euf/b/n on input line 106.
)) (hyperref.sty
Package: hyperref 2022-02-21 v7.00n Hypertext links for LaTeX
 (ltxcmds.sty
Package: ltxcmds 2020-05-10 v1.25 LaTeX kernel commands for general use (HO)
) (pdftexcmds.sty
Package: pdftexcmds 2020-06-27 v0.33 Utility functions of pdfTeX for LuaTeX (HO
)
 (infwarerr.sty
Package: infwarerr 2019/12/03 v1.5 Providing info/warning/error messages (HO)
)
Package pdftexcmds Info: \pdf@primitive is available.
Package pdftexcmds Info: \pdf@ifprimitive is available.
Package pdftexcmds Info: \pdfdraftmode not found.
)
(kvsetkeys.sty
Package: kvsetkeys 2019/12/15 v1.18 Key value parser (HO)
) (kvdefinekeys.sty
Package: kvdefinekeys 2019-12-19 v1.6 Define keys (HO)
) (pdfescape.sty
Package: pdfescape 2019/12/09 v1.15 Implements pdfTeX's escape features (HO)
) (hycolor.sty
Package: hycolor 2020-01-27 v1.10 Color options for hyperref/bookmark (HO)
)
(letltxmacro.sty
Package: letltxmacro 2019/12/03 v1.6 Let assignment for LaTeX macros (HO)
) (auxhook.sty
Package: auxhook 2019-12-17 v1.6 Hooks for auxiliary files (HO)
) (kvoptions.sty
Package: kvoptions 2020-10-07 v3.14 Key value format for package options (HO)
)
\@linkdim=\dimen175
\Hy@linkcounter=\count283
\Hy@pagecounter=\count284
 (pd1enc.def
File: pd1enc.def 2022-02-21 v7.00n Hyperref: PDFDocEncoding definition (HO)
) (intcalc.sty
Package: intcalc 2019/12/15 v1.3 Expandable calculations with integers (HO)
)
(etexcmds.sty
Package: etexcmds 2019/12/15 v1.7 Avoid name clashes with e-TeX commands (HO)
)
\Hy@SavedSpaceFactor=\count285
 (puenc.def
File: puenc.def 2022-02-21 v7.00n Hyperref: PDF Unicode definition (HO)
)
Package hyperref Info: Hyper figures OFF on input line 4137.
Package hyperref Info: Link nesting OFF on input line 4142.
Package hyperref Info: Hyper index ON on input line 4145.
Package hyperref Info: Plain pages OFF on input line 4152.
Package hyperref Info: Backreferencing OFF on input line 4157.
Package hyperref Info: Implicit mode ON; LaTeX internals redefined.
Package hyperref Info: Bookmarks ON on input line 4390.
\c@Hy@tempcnt=\count286
 (url.sty
\Urlmuskip=\muskip17
Package: url 2013/09/16  ver 3.4  Verb mode for urls, etc.
)
LaTeX Info: Redefining \url on input line 4749.
\XeTeXLinkMargin=\dimen176
 (bitset.sty
Package: bitset 2019/12/09 v1.3 Handle bit-vector datatype (HO)
 (bigintcalc.sty
Package: bigintcalc 2019/12/15 v1.5 Expandable calculations on big integers (HO
)
))
\Fld@menulength=\count287
\Field@Width=\dimen177
\Fld@charsize=\dimen178
Package hyperref Info: Hyper figures OFF on input line 6027.
Package hyperref Info: Link nesting OFF on input line 6032.
Package hyperref Info: Hyper index ON on input line 6035.
Package hyperref Info: backreferencing OFF on input line 6042.
Package hyperref Info: Link coloring OFF on input line 6047.
Package hyperref Info: Link coloring with OCG OFF on input line 6052.
Package hyperref Info: PDF/A mode OFF on input line 6057.
LaTeX Info: Redefining \ref on input line 6097.
LaTeX Info: Redefining \pageref on input line 6101.

(atbegshi-ltx.sty
Package: atbegshi-ltx 2021/01/10 v1.0c Emulation of the original atbegshi
package with kernel methods
)
\Hy@abspage=\count288
\c@Item=\count289
\c@Hfootnote=\count290
)
Package hyperref Info: Driver (autodetected): hxetex.
 (hxetex.def
File: hxetex.def 2022-02-21 v7.00n Hyperref driver for XeTeX
 (stringenc.sty
Package: stringenc 2019/11/29 v1.12 Convert strings between diff. encodings (HO
)
)
\pdfm@box=\box62
\c@Hy@AnnotLevel=\count291
\HyField@AnnotCount=\count292
\Fld@listcount=\count293
\c@bookmark@seq@number=\count294
 (rerunfilecheck.sty
Package: rerunfilecheck 2019/12/05 v1.9 Rerun checks for auxiliary files (HO)

(atveryend-ltx.sty
Package: atveryend-ltx 2020/08/19 v1.0a Emulation of the original atveryend pac
kage
with kernel methods
) (uniquecounter.sty
Package: uniquecounter 2019/12/15 v1.4 Provide unlimited unique counter (HO)
)
Package uniquecounter Info: New unique counter `rerunfilecheck' on input line 2
86.
)
\Hy@SectionHShift=\skip58
) (xcolor.sty
Package: xcolor 2021/10/31 v2.13 LaTeX color extensions (UK)
 (color.cfg
File: color.cfg 2016/01/02 v1.6 sample color configuration
)
Package xcolor Info: Driver file: xetex.def on input line 227.
Package xcolor Info: Model `cmy' substituted by `cmy0' on input line 1352.
Package xcolor Info: Model `RGB' extended on input line 1368.
Package xcolor Info: Model `HTML' substituted by `rgb' on input line 1370.
Package xcolor Info: Model `Hsb' substituted by `hsb' on input line 1371.
Package xcolor Info: Model `tHsb' substituted by `hsb' on input line 1372.
Package xcolor Info: Model `HSB' substituted by `hsb' on input line 1373.
Package xcolor Info: Model `Gray' substituted by `gray' on input line 1374.
Package xcolor Info: Model `wave' substituted by `hsb' on input line 1375.
) (caption.sty
Package: caption 2022/03/01 v3.6b Customizing captions (AR)
(caption3.sty
Package: caption3 2022/03/17 v2.3b caption3 kernel (AR)
\caption@tempdima=\dimen179
\captionmargin=\dimen180
\caption@leftmargin=\dimen181
\caption@rightmargin=\dimen182
\caption@width=\dimen183
\caption@indent=\dimen184
\caption@parindent=\dimen185
\caption@hangindent=\dimen186
Package caption Info: Standard document class detected.
)
\c@caption@flags=\count295
\c@continuedfloat=\count296
Package caption Info: float package is loaded.
Package caption Info: hyperref package is loaded.
Package caption Info: longtable package is loaded.
 (ltcaption.sty
Package: ltcaption 2021/01/08 v1.4c longtable captions (AR)
)) (subcaption.sty
Package: subcaption 2022/01/07 v1.5 Sub-captions (AR)
\c@subfigure=\count297
\c@subtable=\count298
) (needspace.sty
Package: needspace 2010/09/12 v1.3d reserve vertical space
) (enumitem.sty
Package: enumitem 2019/06/20 v3.9 Customized lists
\labelindent=\skip59
\enit@outerparindent=\dimen187
\enit@toks=\toks28
\enit@inbox=\box63
\enit@count@id=\count299
\enitdp@description=\count300
) (natbib.sty
Package: natbib 2010/09/13 8.31b (PWD, AO)
\bibhang=\skip60
\bibsep=\skip61
LaTeX Info: Redefining \cite on input line 694.
\c@NAT@ctr=\count301
)
Package hyperref Info: Option `colorlinks' set `true' on input line 22.
 (l3backend-xetex.def
File: l3backend-xetex.def 2022-02-07 L3 backend support: XeTeX
\c__kernel_sys_dvipdfmx_version_int=\count302
\l__color_backend_stack_int=\count303
\g__color_backend_stack_int=\count304
\g__graphics_track_int=\count305
\l__pdf_internal_box=\box64
\g__pdf_backend_object_int=\count306
\g__pdf_backend_annotation_int=\count307
\g__pdf_backend_link_int=\count308
) (ANALYSIS_NOTE_doc4a_v1.aux)
\openout1 = `ANALYSIS_NOTE_doc4a_v1.aux'.

LaTeX Font Info:    Checking defaults for OML/cmm/m/it on input line 30.
LaTeX Font Info:    ... okay on input line 30.
LaTeX Font Info:    Checking defaults for OMS/cmsy/m/n on input line 30.
LaTeX Font Info:    ... okay on input line 30.
LaTeX Font Info:    Checking defaults for OT1/cmr/m/n on input line 30.
LaTeX Font Info:    ... okay on input line 30.
LaTeX Font Info:    Checking defaults for T1/cmr/m/n on input line 30.
LaTeX Font Info:    ... okay on input line 30.
LaTeX Font Info:    Checking defaults for TS1/cmr/m/n on input line 30.
LaTeX Font Info:    Trying to load font information for TS1+cmr on input line 3
0.
 (ts1cmr.fd
File: ts1cmr.fd 2019/12/16 v2.5j Standard LaTeX font definitions
)
LaTeX Font Info:    ... okay on input line 30.
LaTeX Font Info:    Checking defaults for TU/lmr/m/n on input line 30.
LaTeX Font Info:    ... okay on input line 30.
LaTeX Font Info:    Checking defaults for OMX/cmex/m/n on input line 30.
LaTeX Font Info:    ... okay on input line 30.
LaTeX Font Info:    Checking defaults for U/cmr/m/n on input line 30.
LaTeX Font Info:    ... okay on input line 30.
LaTeX Font Info:    Checking defaults for PD1/pdf/m/n on input line 30.
LaTeX Font Info:    ... okay on input line 30.
LaTeX Font Info:    Checking defaults for PU/pdf/m/n on input line 30.
LaTeX Font Info:    ... okay on input line 30.

*geometry* driver: auto-detecting
*geometry* detected driver: xetex
*geometry* verbose mode - [ preamble ] result:
* driver: xetex
* paper: <default>
* layout: <same size as paper>
* layoutoffset:(h,v)=(0.0pt,0.0pt)
* modes: 
* h-part:(L,W,R)=(61.42993pt, 491.43513pt, 61.42993pt)
* v-part:(T,H,B)=(61.42993pt, 672.11012pt, 61.42993pt)
* \paperwidth=614.295pt
* \paperheight=794.96999pt
* \textwidth=491.43513pt
* \textheight=672.11012pt
* \oddsidemargin=-10.84006pt
* \evensidemargin=-10.84006pt
* \topmargin=-47.84006pt
* \headheight=12.0pt
* \headsep=25.0pt
* \topskip=11.0pt
* \footskip=30.0pt
* \marginparwidth=59.0pt
* \marginparsep=10.0pt
* \columnsep=10.0pt
* \skip\footins=10.0pt plus 4.0pt minus 2.0pt
* \hoffset=0.0pt
* \voffset=0.0pt
* \mag=1000
* \@twocolumnfalse
* \@twosidefalse
* \@mparswitchfalse
* \@reversemarginfalse
* (1in=72.27pt=25.4mm, 1cm=28.453pt)

LaTeX Info: Redefining \microtypecontext on input line 30.
Package microtype Info: Applying patch `item' on input line 30.
Package microtype Info: Applying patch `toc' on input line 30.
Package microtype Info: Applying patch `eqnum' on input line 30.
Package microtype Info: Applying patch `footnote' on input line 30.
Package microtype Info: Character protrusion enabled (level 2).
Package microtype Info: Using default protrusion set `alltext'.
Package microtype Info: No adjustment of tracking.
Package microtype Info: No adjustment of spacing.
Package microtype Info: No adjustment of kerning.
(mt-cmr.cfg
File: mt-cmr.cfg 2013/05/19 v2.2 microtype config. file: Computer Modern Roman 
(RS)
)
Package hyperref Info: Link coloring ON on input line 30.
 (nameref.sty
Package: nameref 2021-04-02 v2.47 Cross-referencing by name of section
 (refcount.sty
Package: refcount 2019/12/15 v3.6 Data extraction from label references (HO)
) (gettitlestring.sty
Package: gettitlestring 2019/12/15 v1.6 Cleanup title references (HO)
)
\c@section@level=\count309
)
LaTeX Info: Redefining \ref on input line 30.
LaTeX Info: Redefining \pageref on input line 30.
LaTeX Info: Redefining \nameref on input line 30.

(ANALYSIS_NOTE_doc4a_v1.out) (ANALYSIS_NOTE_doc4a_v1.out)
\@outlinefile=\write3
\openout3 = `ANALYSIS_NOTE_doc4a_v1.out'.

Package caption Info: Begin \AtBeginDocument code.
Package caption Info: End \AtBeginDocument code.
LaTeX Font Info:    Trying to load font information for OT1+lmr on input line 3
2.
 (ot1lmr.fd
File: ot1lmr.fd 2015/05/01 v1.6.1 Font defs for Latin Modern
)
LaTeX Font Info:    Trying to load font information for OML+lmm on input line 3
2.

(omllmm.fd
File: omllmm.fd 2015/05/01 v1.6.1 Font defs for Latin Modern
)
LaTeX Font Info:    Trying to load font information for OMS+lmsy on input line 
32.
 (omslmsy.fd
File: omslmsy.fd 2015/05/01 v1.6.1 Font defs for Latin Modern
)
LaTeX Font Info:    Trying to load font information for OMX+lmex on input line 
32.
 (omxlmex.fd
File: omxlmex.fd 2015/05/01 v1.6.1 Font defs for Latin Modern
)
LaTeX Font Info:    External font `lmex10' loaded for size
(Font)              <12> on input line 32.
LaTeX Font Info:    External font `lmex10' loaded for size
(Font)              <8> on input line 32.
LaTeX Font Info:    External font `lmex10' loaded for size
(Font)              <6> on input line 32.
LaTeX Font Info:    Trying to load font information for U+msa on input line 32.

 (umsa.fd
File: umsa.fd 2013/01/14 v3.01 AMS symbols A
) (mt-msa.cfg
File: mt-msa.cfg 2006/02/04 v1.1 microtype config. file: AMS symbols (a) (RS)
)
LaTeX Font Info:    Trying to load font information for U+msb on input line 32.

 (umsb.fd
File: umsb.fd 2013/01/14 v3.01 AMS symbols B
)
(mt-msb.cfg
File: mt-msb.cfg 2005/06/01 v1.0 microtype config. file: AMS symbols (b) (RS)
)
LaTeX Font Info:    External font `lmex10' loaded for size
(Font)              <10> on input line 33.
LaTeX Font Info:    External font `lmex10' loaded for size
(Font)              <7> on input line 33.
LaTeX Font Info:    External font `lmex10' loaded for size
(Font)              <5> on input line 33.
 (ANALYSIS_NOTE_doc4a_v1.toc
LaTeX Font Info:    External font `lmex10' loaded for size
(Font)              <10.95> on input line 7.
 [1

])
\tf@toc=\write4
\openout4 = `ANALYSIS_NOTE_doc4a_v1.toc'.

 [2] [3

] [4

]
File: figures/cutflow_summary.pdf Graphic file (type pdf)
<use figures/cutflow_summary.pdf>
File: figures/m4l_fit_window_inclusive.pdf Graphic file (type pdf)
<use figures/m4l_fit_window_inclusive.pdf>
File: figures/expected_m4l_broad_inclusive.pdf Graphic file (type pdf)
<use figures/expected_m4l_broad_inclusive.pdf>
File: figures/vbf_downscope_evidence.pdf Graphic file (type pdf)
<use figures/vbf_downscope_evidence.pdf>
File: figures/mva_best_score_datamc.pdf Graphic file (type pdf)
<use figures/mva_best_score_datamc.pdf>
 [5] [6] [7] [8]
[9] [10] [11]
Underfull \hbox (badness 10000) in paragraph at lines 248--249
[]|\T1/lmr/m/n/10 grouped MC-stat
 []


Underfull \hbox (badness 10000) in paragraph at lines 249--249
[]|\T1/lmr/m/n/10 per-sample
 []


Underfull \hbox (badness 7851) in paragraph at lines 249--250
[]|\T1/lmr/m/n/10 implemented prompt
 []

[12] [13] [14]
File: figures/expected_nuisance_impacts.pdf Graphic file (type pdf)
<use figures/expected_nuisance_impacts.pdf>
File: figures/expected_uncertainty_breakdown.pdf Graphic file (type pdf)
<use figures/expected_uncertainty_breakdown.pdf>
File: figures/expected_systematic_shift_summary.pdf Graphic file (type pdf)
<use figures/expected_systematic_shift_summary.pdf>
 [15] [16] [17] [18]
File: figures/expected_signal_injection_recovery.pdf Graphic file (type pdf)
<use figures/expected_signal_injection_recovery.pdf>
File: figures/expected_low_count_validation.pdf Graphic file (type pdf)
<use figures/expected_low_count_validation.pdf>
File: figures/expected_binning_stability.pdf Graphic file (type pdf)
<use figures/expected_binning_stability.pdf>
File: figures/expected_binning_low_count_summary.pdf Graphic file (type pdf)
<use figures/expected_binning_low_count_summary.pdf>
 [19] [20] [21] [22] [23] [24]
File: figures/expected_mu_profile_scan.pdf Graphic file (type pdf)
<use figures/expected_mu_profile_scan.pdf>
File: figures/expected_m4l_final_state_templates.pdf Graphic file (type pdf)
<use figures/expected_m4l_final_state_templates.pdf>
File: figures/expected_mass_profile_attempt.pdf Graphic file (type pdf)
<use figures/expected_mass_profile_attempt.pdf>
 [25] [26]
[27] [28]
Underfull \hbox (badness 10000) in paragraph at lines 549--550
[]|\T1/lmr/m/n/10 Contextual, pull
 []


Underfull \hbox (badness 10000) in paragraph at lines 550--550
[]|\T1/lmr/m/n/10 CMS-HIG-19-001: $\OT1/lmr/m/n/10 0\OML/lmm/m/it/10 :\OT1/lmr/
m/n/10 94 \OMS/lmsy/m/n/10 ^^F
 []


Underfull \hbox (badness 10000) in paragraph at lines 551--552
[]|\T1/lmr/m/n/10 Not official-quality
 []


Underfull \hbox (badness 10000) in paragraph at lines 552--552
[]|\T1/lmr/m/n/10 CMS-HIG-16-041:
 []


Underfull \hbox (badness 10000) in paragraph at lines 554--555
[]|\T1/lmr/m/n/10 unavailable with-out
 []


Underfull \hbox (badness 10000) in paragraph at lines 555--555
[]|\T1/lmr/m/n/10 Reducible back-
 []

File: figures/expected_reference_comparison.pdf Graphic file (type pdf)
<use figures/expected_reference_comparison.pdf>
[29] [30]
File: figures/m4l_small_slice_shapes.pdf Graphic file (type pdf)
<use figures/m4l_small_slice_shapes.pdf>
File: figures/z1_mass_small_slice_shapes.pdf Graphic file (type pdf)
<use figures/z1_mass_small_slice_shapes.pdf>
File: figures/z2_mass_small_slice_shapes.pdf Graphic file (type pdf)
<use figures/z2_mass_small_slice_shapes.pdf>
File: figures/pt4l_small_slice_shapes.pdf Graphic file (type pdf)
<use figures/pt4l_small_slice_shapes.pdf>
File: figures/eta4l_small_slice_shapes.pdf Graphic file (type pdf)
<use figures/eta4l_small_slice_shapes.pdf>
File: figures/leading_lepton_pt_small_slice_shapes.pdf Graphic file (type pdf)
<use figures/leading_lepton_pt_small_slice_shapes.pdf>
File: figures/input_validation_cos_theta1.pdf Graphic file (type pdf)
<use figures/input_validation_cos_theta1.pdf>
File: figures/input_validation_cos_theta2.pdf Graphic file (type pdf)
<use figures/input_validation_cos_theta2.pdf>
File: figures/input_validation_cos_theta_star.pdf Graphic file (type pdf)
<use figures/input_validation_cos_theta_star.pdf>
File: figures/input_validation_eta4l.pdf Graphic file (type pdf)
<use figures/input_validation_eta4l.pdf>
File: figures/input_validation_lead_abs_eta.pdf Graphic file (type pdf)
<use figures/input_validation_lead_abs_eta.pdf>
File: figures/input_validation_lead_lepton_pt.pdf Graphic file (type pdf)
<use figures/input_validation_lead_lepton_pt.pdf>
File: figures/input_validation_mZ1.pdf Graphic file (type pdf)
<use figures/input_validation_mZ1.pdf>
File: figures/input_validation_mZ2.pdf Graphic file (type pdf)
<use figures/input_validation_mZ2.pdf>
File: figures/input_validation_phi.pdf Graphic file (type pdf)
<use figures/input_validation_phi.pdf>
File: figures/input_validation_phi1.pdf Graphic file (type pdf)
<use figures/input_validation_phi1.pdf>
File: figures/input_validation_pt4l.pdf Graphic file (type pdf)
<use figures/input_validation_pt4l.pdf>
File: figures/input_validation_sublead_abs_eta.pdf Graphic file (type pdf)
<use figures/input_validation_sublead_abs_eta.pdf>
File: figures/input_validation_sublead_lepton_pt.pdf Graphic file (type pdf)
<use figures/input_validation_sublead_lepton_pt.pdf>
File: figures/input_validation_y4l.pdf Graphic file (type pdf)
<use figures/input_validation_y4l.pdf>
File: figures/cut_motivation_efficiencies.pdf Graphic file (type pdf)
<use figures/cut_motivation_efficiencies.pdf>
File: figures/m4l_broad_window_inclusive.pdf Graphic file (type pdf)
<use figures/m4l_broad_window_inclusive.pdf>
File: figures/m4l_fit_4mu.pdf Graphic file (type pdf)
<use figures/m4l_fit_4mu.pdf>
File: figures/m4l_fit_4e.pdf Graphic file (type pdf)
<use figures/m4l_fit_4e.pdf>
File: figures/m4l_fit_2e2mu.pdf Graphic file (type pdf)
<use figures/m4l_fit_2e2mu.pdf>
File: figures/sideband_dy_ttbar_diagnostics.pdf Graphic file (type pdf)
<use figures/sideband_dy_ttbar_diagnostics.pdf>

Underfull \hbox (badness 4416) in paragraph at lines 766--766
[]\T1/lmr/bx/n/10 Figure 42: |\T1/lmr/m/n/10 DY+jets fake proxy and TTBar di-ag
-nos-tic reducible-background checks across the
 []


Underfull \hbox (badness 7099) in paragraph at lines 766--766
\T1/lmr/m/n/10 pre-de-clared side-band and sig-nal re-gions. TTBar di-ag-nos-ti
c / DY+jets fake-proxy ra-tios are
 []


Underfull \hbox (badness 4492) in paragraph at lines 766--766
\T1/lmr/m/n/10 {'high_sideband_140_170': 0.16348247967166454, 'low_sideband_70_
105': 0.09536477980847097, 'sig-
 []

File: figures/angular_closure_median_deltas.pdf Graphic file (type pdf)
<use figures/angular_closure_median_deltas.pdf>
File: figures/category_viability_s1.pdf Graphic file (type pdf)
<use figures/category_viability_s1.pdf>
File: figures/approach_comparison_mu_proxy.pdf Graphic file (type pdf)
<use figures/approach_comparison_mu_proxy.pdf>
File: figures/mva_roc_bdt.pdf Graphic file (type pdf)
<use figures/mva_roc_bdt.pdf>
File: figures/mva_roc_bdt_tuned.pdf Graphic file (type pdf)
<use figures/mva_roc_bdt_tuned.pdf>
File: figures/mva_roc_logistic.pdf Graphic file (type pdf)
<use figures/mva_roc_logistic.pdf>
File: figures/mva_roc_small_nn.pdf Graphic file (type pdf)
<use figures/mva_roc_small_nn.pdf>

Underfull \hbox (badness 3000) in paragraph at lines 837--837
[]|\T1/lmr/m/n/10 Documented not prop-a-
 []


Underfull \hbox (badness 1831) in paragraph at lines 841--842
[]|\T1/lmr/m/n/10 Grouped MC-stat ap-prox-i-ma-tion re-places full bin-by-bin
 []


Underfull \hbox (badness 10000) in paragraph at lines 843--843
[]|\T1/lmr/m/n/10 Corruption
 []

[31] [32] [33] [34] [35] [36] [37] [38] [39] [40] [41] [42] [43] [44] [45]
[46] [47] [48] [49] [50] [51] [52] [53] [54] [55] [56] [57] [58] [59] [60]
[61] [62] [63] [64] [65] (ANALYSIS_NOTE_doc4a_v1.bbl) [66

]
(ANALYSIS_NOTE_doc4a_v1.aux)
Package rerunfilecheck Info: File `ANALYSIS_NOTE_doc4a_v1.out' has not changed.

(rerunfilecheck)             Checksum: D1179BD7E3056298A073E0445458CA99;5697.
 )
Output written on ANALYSIS_NOTE_doc4a_v1.xdv (66 pages, 137456 bytes).
